2018/09/04 23:40:59 [error] [exception.ParseError] ParseError: syntax error, unexpected ')', expecting end of file in C:\xampp\htdocs\yii_project\yiiapp\protected\views\layouts\main.php:43
Stack trace:
#0 C:\xampp\htdocs\yii_project\framework\web\CBaseController.php(95): CBaseController->renderInternal('C:\\xampp\\htdocs...', Array, true)
#1 C:\xampp\htdocs\yii_project\framework\web\widgets\CContentDecorator.php(76): CBaseController->renderFile('C:\\xampp\\htdocs...', Array, true)
#2 C:\xampp\htdocs\yii_project\framework\web\widgets\CContentDecorator.php(54): CContentDecorator->decorate('<div id="conten...')
#3 C:\xampp\htdocs\yii_project\framework\web\widgets\COutputProcessor.php(44): CContentDecorator->processOutput('<div id="conten...')
#4 C:\xampp\htdocs\yii_project\framework\web\CBaseController.php(215): COutputProcessor->run()
#5 C:\xampp\htdocs\yii_project\framework\web\CBaseController.php(309): CBaseController->endWidget('CContentDecorat...')
#6 C:\xampp\htdocs\yii_project\yiiapp\protected\views\layouts\column1.php(6): CBaseController->endContent()
#7 C:\xampp\htdocs\yii_project\framework\web\CBaseController.php(126): require('C:\\xampp\\htdocs...')
#8 C:\xampp\htdocs\yii_project\framework\web\CBaseController.php(95): CBaseController->renderInternal('C:\\xampp\\htdocs...', Array, true)
#9 C:\xampp\htdocs\yii_project\framework\web\CController.php(787): CBaseController->renderFile('C:\\xampp\\htdocs...', Array, true)
#10 C:\xampp\htdocs\yii_project\framework\web\actions\CViewAction.php(140): CController->render('pages/about')
#11 C:\xampp\htdocs\yii_project\framework\web\actions\CAction.php(76): CViewAction->run()
#12 C:\xampp\htdocs\yii_project\framework\web\CController.php(308): CAction->runWithParams(Array)
#13 C:\xampp\htdocs\yii_project\framework\web\CController.php(286): CController->runAction(Object(CViewAction))
#14 C:\xampp\htdocs\yii_project\framework\web\CController.php(265): CController->runActionWithFilters(Object(CViewAction), Array)
#15 C:\xampp\htdocs\yii_project\framework\web\CWebApplication.php(282): CController->run('page')
#16 C:\xampp\htdocs\yii_project\framework\web\CWebApplication.php(141): CWebApplication->runController('site/page')
#17 C:\xampp\htdocs\yii_project\framework\base\CApplication.php(185): CWebApplication->processRequest()
#18 C:\xampp\htdocs\yii_project\yiiapp\index.php(13): CApplication->run()
#19 {main}
REQUEST_URI=/yii_project/yiiapp/site/page?view=about
HTTP_REFERER=http://localhost/yii_project/yiiapp/
---
2018/09/04 23:42:02 [error] [exception.ParseError] ParseError: syntax error, unexpected ')', expecting end of file in C:\xampp\htdocs\yii_project\yiiapp\protected\views\layouts\main.php:43
Stack trace:
#0 C:\xampp\htdocs\yii_project\framework\web\CBaseController.php(95): CBaseController->renderInternal('C:\\xampp\\htdocs...', Array, true)
#1 C:\xampp\htdocs\yii_project\framework\web\widgets\CContentDecorator.php(76): CBaseController->renderFile('C:\\xampp\\htdocs...', Array, true)
#2 C:\xampp\htdocs\yii_project\framework\web\widgets\CContentDecorator.php(54): CContentDecorator->decorate('<div id="conten...')
#3 C:\xampp\htdocs\yii_project\framework\web\widgets\COutputProcessor.php(44): CContentDecorator->processOutput('<div id="conten...')
#4 C:\xampp\htdocs\yii_project\framework\web\CBaseController.php(215): COutputProcessor->run()
#5 C:\xampp\htdocs\yii_project\framework\web\CBaseController.php(309): CBaseController->endWidget('CContentDecorat...')
#6 C:\xampp\htdocs\yii_project\yiiapp\protected\views\layouts\column1.php(6): CBaseController->endContent()
#7 C:\xampp\htdocs\yii_project\framework\web\CBaseController.php(126): require('C:\\xampp\\htdocs...')
#8 C:\xampp\htdocs\yii_project\framework\web\CBaseController.php(95): CBaseController->renderInternal('C:\\xampp\\htdocs...', Array, true)
#9 C:\xampp\htdocs\yii_project\framework\web\CController.php(787): CBaseController->renderFile('C:\\xampp\\htdocs...', Array, true)
#10 C:\xampp\htdocs\yii_project\framework\web\actions\CViewAction.php(140): CController->render('pages/about')
#11 C:\xampp\htdocs\yii_project\framework\web\actions\CAction.php(76): CViewAction->run()
#12 C:\xampp\htdocs\yii_project\framework\web\CController.php(308): CAction->runWithParams(Array)
#13 C:\xampp\htdocs\yii_project\framework\web\CController.php(286): CController->runAction(Object(CViewAction))
#14 C:\xampp\htdocs\yii_project\framework\web\CController.php(265): CController->runActionWithFilters(Object(CViewAction), Array)
#15 C:\xampp\htdocs\yii_project\framework\web\CWebApplication.php(282): CController->run('page')
#16 C:\xampp\htdocs\yii_project\framework\web\CWebApplication.php(141): CWebApplication->runController('site/page')
#17 C:\xampp\htdocs\yii_project\framework\base\CApplication.php(185): CWebApplication->processRequest()
#18 C:\xampp\htdocs\yii_project\yiiapp\index.php(13): CApplication->run()
#19 {main}
REQUEST_URI=/yii_project/yiiapp/site/page?view=about
HTTP_REFERER=http://localhost/yii_project/yiiapp/
---
2018/09/04 23:42:29 [error] [exception.ParseError] ParseError: syntax error, unexpected ')', expecting end of file in C:\xampp\htdocs\yii_project\yiiapp\protected\views\layouts\main.php:43
Stack trace:
#0 C:\xampp\htdocs\yii_project\framework\web\CBaseController.php(95): CBaseController->renderInternal('C:\\xampp\\htdocs...', Array, true)
#1 C:\xampp\htdocs\yii_project\framework\web\widgets\CContentDecorator.php(76): CBaseController->renderFile('C:\\xampp\\htdocs...', Array, true)
#2 C:\xampp\htdocs\yii_project\framework\web\widgets\CContentDecorator.php(54): CContentDecorator->decorate('<div id="conten...')
#3 C:\xampp\htdocs\yii_project\framework\web\widgets\COutputProcessor.php(44): CContentDecorator->processOutput('<div id="conten...')
#4 C:\xampp\htdocs\yii_project\framework\web\CBaseController.php(215): COutputProcessor->run()
#5 C:\xampp\htdocs\yii_project\framework\web\CBaseController.php(309): CBaseController->endWidget('CContentDecorat...')
#6 C:\xampp\htdocs\yii_project\yiiapp\protected\views\layouts\column1.php(6): CBaseController->endContent()
#7 C:\xampp\htdocs\yii_project\framework\web\CBaseController.php(126): require('C:\\xampp\\htdocs...')
#8 C:\xampp\htdocs\yii_project\framework\web\CBaseController.php(95): CBaseController->renderInternal('C:\\xampp\\htdocs...', Array, true)
#9 C:\xampp\htdocs\yii_project\framework\web\CController.php(787): CBaseController->renderFile('C:\\xampp\\htdocs...', Array, true)
#10 C:\xampp\htdocs\yii_project\yiiapp\protected\controllers\SiteController.php(32): CController->render('index')
#11 C:\xampp\htdocs\yii_project\framework\web\actions\CInlineAction.php(49): SiteController->actionIndex()
#12 C:\xampp\htdocs\yii_project\framework\web\CController.php(308): CInlineAction->runWithParams(Array)
#13 C:\xampp\htdocs\yii_project\framework\web\CController.php(286): CController->runAction(Object(CInlineAction))
#14 C:\xampp\htdocs\yii_project\framework\web\CController.php(265): CController->runActionWithFilters(Object(CInlineAction), Array)
#15 C:\xampp\htdocs\yii_project\framework\web\CWebApplication.php(282): CController->run('index')
#16 C:\xampp\htdocs\yii_project\framework\web\CWebApplication.php(141): CWebApplication->runController('site/index')
#17 C:\xampp\htdocs\yii_project\framework\base\CApplication.php(185): CWebApplication->processRequest()
#18 C:\xampp\htdocs\yii_project\yiiapp\index.php(13): CApplication->run()
#19 {main}
REQUEST_URI=/yii_project/yiiapp/site/index
HTTP_REFERER=http://localhost/yii_project/yiiapp/site/login
---
2018/09/04 23:44:01 [error] [exception.CException] CException: SiteController cannot find the requested view "index". in C:\xampp\htdocs\yii_project\framework\web\CController.php:881
Stack trace:
#0 C:\xampp\htdocs\yii_project\framework\web\CController.php(785): CController->renderPartial('index', NULL, true)
#1 C:\xampp\htdocs\yii_project\yiiapp\protected\controllers\SiteController.php(32): CController->render('index')
#2 C:\xampp\htdocs\yii_project\framework\web\actions\CInlineAction.php(49): SiteController->actionIndex()
#3 C:\xampp\htdocs\yii_project\framework\web\CController.php(308): CInlineAction->runWithParams(Array)
#4 C:\xampp\htdocs\yii_project\framework\web\CController.php(286): CController->runAction(Object(CInlineAction))
#5 C:\xampp\htdocs\yii_project\framework\web\CController.php(265): CController->runActionWithFilters(Object(CInlineAction), Array)
#6 C:\xampp\htdocs\yii_project\framework\web\CWebApplication.php(282): CController->run('index')
#7 C:\xampp\htdocs\yii_project\framework\web\CWebApplication.php(141): CWebApplication->runController('site/index')
#8 C:\xampp\htdocs\yii_project\framework\base\CApplication.php(185): CWebApplication->processRequest()
#9 C:\xampp\htdocs\yii_project\yiiapp\index.php(13): CApplication->run()
#10 {main}
REQUEST_URI=/yii_project/yiiapp/site/index
HTTP_REFERER=http://localhost/yii_project/yiiapp/site/page?view=about
---
2018/09/04 23:51:59 [error] [exception.CException] CException: SiteController cannot find the requested view "usuarios/index". in C:\xampp\htdocs\yii_project\framework\web\CController.php:881
Stack trace:
#0 C:\xampp\htdocs\yii_project\framework\web\CController.php(785): CController->renderPartial('usuarios/index', NULL, true)
#1 C:\xampp\htdocs\yii_project\yiiapp\protected\controllers\SiteController.php(32): CController->render('usuarios/index')
#2 C:\xampp\htdocs\yii_project\framework\web\actions\CInlineAction.php(49): SiteController->actionIndex()
#3 C:\xampp\htdocs\yii_project\framework\web\CController.php(308): CInlineAction->runWithParams(Array)
#4 C:\xampp\htdocs\yii_project\framework\web\CController.php(286): CController->runAction(Object(CInlineAction))
#5 C:\xampp\htdocs\yii_project\framework\web\CController.php(265): CController->runActionWithFilters(Object(CInlineAction), Array)
#6 C:\xampp\htdocs\yii_project\framework\web\CWebApplication.php(282): CController->run('')
#7 C:\xampp\htdocs\yii_project\framework\web\CWebApplication.php(141): CWebApplication->runController('')
#8 C:\xampp\htdocs\yii_project\framework\base\CApplication.php(185): CWebApplication->processRequest()
#9 C:\xampp\htdocs\yii_project\yiiapp\index.php(13): CApplication->run()
#10 {main}
REQUEST_URI=/yii_project/yiiapp/
---
2018/09/05 00:00:37 [error] [exception.CHttpException.404] CHttpException: Unable to resolve the request "site". in C:\xampp\htdocs\yii_project\framework\web\CWebApplication.php:286
Stack trace:
#0 C:\xampp\htdocs\yii_project\framework\web\CWebApplication.php(141): CWebApplication->runController('')
#1 C:\xampp\htdocs\yii_project\framework\base\CApplication.php(185): CWebApplication->processRequest()
#2 C:\xampp\htdocs\yii_project\yiiapp\index.php(13): CApplication->run()
#3 {main}
REQUEST_URI=/yii_project/yiiapp/
---
2018/09/05 00:05:10 [error] [exception.CHttpException.404] CHttpException: Unable to resolve the request "login". in C:\xampp\htdocs\yii_project\framework\web\CWebApplication.php:286
Stack trace:
#0 C:\xampp\htdocs\yii_project\framework\web\CWebApplication.php(141): CWebApplication->runController('')
#1 C:\xampp\htdocs\yii_project\framework\base\CApplication.php(185): CWebApplication->processRequest()
#2 C:\xampp\htdocs\yii_project\yiiapp\index.php(13): CApplication->run()
#3 {main}
REQUEST_URI=/yii_project/yiiapp/
---
2018/09/05 00:09:08 [error] [php] Undefined variable: model (C:\xampp\htdocs\yii_project\yiiapp\protected\views\login\index.php:28)
Stack trace:
#0 C:\xampp\htdocs\yii_project\framework\web\CController.php(872): LoginController->renderFile()
#1 C:\xampp\htdocs\yii_project\framework\web\CController.php(785): LoginController->renderPartial()
#2 C:\xampp\htdocs\yii_project\yiiapp\protected\controllers\LoginController.php(32): LoginController->render()
#3 C:\xampp\htdocs\yii_project\framework\web\actions\CInlineAction.php(49): LoginController->actionIndex()
#4 C:\xampp\htdocs\yii_project\framework\web\CController.php(308): CInlineAction->runWithParams()
#5 C:\xampp\htdocs\yii_project\framework\web\CController.php(286): LoginController->runAction()
#6 C:\xampp\htdocs\yii_project\framework\web\CController.php(265): LoginController->runActionWithFilters()
#7 C:\xampp\htdocs\yii_project\framework\web\CWebApplication.php(282): LoginController->run()
#8 C:\xampp\htdocs\yii_project\framework\web\CWebApplication.php(141): CWebApplication->runController()
#9 C:\xampp\htdocs\yii_project\framework\base\CApplication.php(185): CWebApplication->processRequest()
#10 C:\xampp\htdocs\yii_project\yiiapp\index.php(13): CWebApplication->run()
REQUEST_URI=/yii_project/yiiapp/
in C:\xampp\htdocs\yii_project\yiiapp\protected\views\login\index.php (28)
in C:\xampp\htdocs\yii_project\yiiapp\protected\controllers\LoginController.php (32)
in C:\xampp\htdocs\yii_project\yiiapp\index.php (13)
2018/09/05 00:12:09 [error] [php] Undefined variable: model (C:\xampp\htdocs\yii_project\yiiapp\protected\views\login\index.php:28)
Stack trace:
#0 C:\xampp\htdocs\yii_project\framework\web\CController.php(872): LoginController->renderFile()
#1 C:\xampp\htdocs\yii_project\framework\web\CController.php(785): LoginController->renderPartial()
#2 C:\xampp\htdocs\yii_project\yiiapp\protected\controllers\LoginController.php(32): LoginController->render()
#3 C:\xampp\htdocs\yii_project\framework\web\actions\CInlineAction.php(49): LoginController->actionIndex()
#4 C:\xampp\htdocs\yii_project\framework\web\CController.php(308): CInlineAction->runWithParams()
#5 C:\xampp\htdocs\yii_project\framework\web\CController.php(286): LoginController->runAction()
#6 C:\xampp\htdocs\yii_project\framework\web\CController.php(265): LoginController->runActionWithFilters()
#7 C:\xampp\htdocs\yii_project\framework\web\CWebApplication.php(282): LoginController->run()
#8 C:\xampp\htdocs\yii_project\framework\web\CWebApplication.php(141): CWebApplication->runController()
#9 C:\xampp\htdocs\yii_project\framework\base\CApplication.php(185): CWebApplication->processRequest()
#10 C:\xampp\htdocs\yii_project\yiiapp\index.php(13): CWebApplication->run()
REQUEST_URI=/yii_project/yiiapp/
in C:\xampp\htdocs\yii_project\yiiapp\protected\views\login\index.php (28)
in C:\xampp\htdocs\yii_project\yiiapp\protected\controllers\LoginController.php (32)
in C:\xampp\htdocs\yii_project\yiiapp\index.php (13)
2018/09/05 00:33:03 [error] [exception.CHttpException.404] CHttpException: Unable to resolve the request "site/login". in C:\xampp\htdocs\yii_project\framework\web\CWebApplication.php:286
Stack trace:
#0 C:\xampp\htdocs\yii_project\framework\web\CWebApplication.php(141): CWebApplication->runController('site/login')
#1 C:\xampp\htdocs\yii_project\framework\base\CApplication.php(185): CWebApplication->processRequest()
#2 C:\xampp\htdocs\yii_project\yiiapp\index.php(13): CApplication->run()
#3 {main}
REQUEST_URI=/yii_project/yiiapp/site/login
HTTP_REFERER=http://localhost/yii_project/yiiapp/usuarios/index
---
2018/09/05 00:33:17 [error] [exception.CHttpException.404] CHttpException: Unable to resolve the request "site/login". in C:\xampp\htdocs\yii_project\framework\web\CWebApplication.php:286
Stack trace:
#0 C:\xampp\htdocs\yii_project\framework\web\CWebApplication.php(141): CWebApplication->runController('site/login')
#1 C:\xampp\htdocs\yii_project\framework\base\CApplication.php(185): CWebApplication->processRequest()
#2 C:\xampp\htdocs\yii_project\yiiapp\index.php(13): CApplication->run()
#3 {main}
REQUEST_URI=/yii_project/yiiapp/site/login
HTTP_REFERER=http://localhost/yii_project/yiiapp/usuarios/index
---
2018/09/05 00:34:37 [error] [exception.CHttpException.404] CHttpException: Unable to resolve the request "site/login". in C:\xampp\htdocs\yii_project\framework\web\CWebApplication.php:286
Stack trace:
#0 C:\xampp\htdocs\yii_project\framework\web\CWebApplication.php(141): CWebApplication->runController('site/login')
#1 C:\xampp\htdocs\yii_project\framework\base\CApplication.php(185): CWebApplication->processRequest()
#2 C:\xampp\htdocs\yii_project\yiiapp\index.php(13): CApplication->run()
#3 {main}
REQUEST_URI=/yii_project/yiiapp/site/login
HTTP_REFERER=http://localhost/yii_project/yiiapp/usuarios/index
---
2018/09/05 00:36:16 [error] [exception.CHttpException.404] CHttpException: Unable to resolve the request "site/login". in C:\xampp\htdocs\yii_project\framework\web\CWebApplication.php:286
Stack trace:
#0 C:\xampp\htdocs\yii_project\framework\web\CWebApplication.php(141): CWebApplication->runController('site/login')
#1 C:\xampp\htdocs\yii_project\framework\base\CApplication.php(185): CWebApplication->processRequest()
#2 C:\xampp\htdocs\yii_project\yiiapp\index.php(13): CApplication->run()
#3 {main}
REQUEST_URI=/yii_project/yiiapp/site/login
HTTP_REFERER=http://localhost/yii_project/yiiapp/usuarios/index
---
2018/09/05 00:55:26 [error] [exception.CHttpException.404] CHttpException: Unable to resolve the request "site/login". in C:\xampp\htdocs\yii_project\framework\web\CWebApplication.php:286
Stack trace:
#0 C:\xampp\htdocs\yii_project\framework\web\CWebApplication.php(141): CWebApplication->runController('site/login')
#1 C:\xampp\htdocs\yii_project\framework\base\CApplication.php(185): CWebApplication->processRequest()
#2 C:\xampp\htdocs\yii_project\yiiapp\index.php(13): CApplication->run()
#3 {main}
REQUEST_URI=/yii_project/yiiapp/site/login
HTTP_REFERER=http://localhost/yii_project/yiiapp/usuarios
---
2018/09/05 01:04:30 [error] [php] Undefined variable: model (C:\xampp\htdocs\yii_project\yiiapp\protected\views\site\login.php:28)
Stack trace:
#0 C:\xampp\htdocs\yii_project\framework\web\CController.php(872): SiteController->renderFile()
#1 C:\xampp\htdocs\yii_project\framework\web\CController.php(785): SiteController->renderPartial()
#2 C:\xampp\htdocs\yii_project\yiiapp\protected\controllers\SiteController.php(32): SiteController->render()
#3 C:\xampp\htdocs\yii_project\framework\web\actions\CInlineAction.php(49): SiteController->actionIndex()
#4 C:\xampp\htdocs\yii_project\framework\web\CController.php(308): CInlineAction->runWithParams()
#5 C:\xampp\htdocs\yii_project\framework\web\CController.php(286): SiteController->runAction()
#6 C:\xampp\htdocs\yii_project\framework\web\CController.php(265): SiteController->runActionWithFilters()
#7 C:\xampp\htdocs\yii_project\framework\web\CWebApplication.php(282): SiteController->run()
#8 C:\xampp\htdocs\yii_project\framework\web\CWebApplication.php(141): CWebApplication->runController()
#9 C:\xampp\htdocs\yii_project\framework\base\CApplication.php(185): CWebApplication->processRequest()
#10 C:\xampp\htdocs\yii_project\yiiapp\index.php(13): CWebApplication->run()
REQUEST_URI=/yii_project/yiiapp/
in C:\xampp\htdocs\yii_project\yiiapp\protected\views\site\login.php (28)
in C:\xampp\htdocs\yii_project\yiiapp\protected\controllers\SiteController.php (32)
in C:\xampp\htdocs\yii_project\yiiapp\index.php (13)
2018/09/05 01:06:06 [error] [php] Undefined variable: model (C:\xampp\htdocs\yii_project\yiiapp\protected\views\site\login.php:28)
Stack trace:
#0 C:\xampp\htdocs\yii_project\framework\web\CController.php(872): SiteController->renderFile()
#1 C:\xampp\htdocs\yii_project\framework\web\CController.php(785): SiteController->renderPartial()
#2 C:\xampp\htdocs\yii_project\yiiapp\protected\controllers\SiteController.php(33): SiteController->render()
#3 C:\xampp\htdocs\yii_project\framework\web\actions\CInlineAction.php(49): SiteController->actionIndex()
#4 C:\xampp\htdocs\yii_project\framework\web\CController.php(308): CInlineAction->runWithParams()
#5 C:\xampp\htdocs\yii_project\framework\web\CController.php(286): SiteController->runAction()
#6 C:\xampp\htdocs\yii_project\framework\web\CController.php(265): SiteController->runActionWithFilters()
#7 C:\xampp\htdocs\yii_project\framework\web\CWebApplication.php(282): SiteController->run()
#8 C:\xampp\htdocs\yii_project\framework\web\CWebApplication.php(141): CWebApplication->runController()
#9 C:\xampp\htdocs\yii_project\framework\base\CApplication.php(185): CWebApplication->processRequest()
#10 C:\xampp\htdocs\yii_project\yiiapp\index.php(13): CWebApplication->run()
REQUEST_URI=/yii_project/yiiapp/
in C:\xampp\htdocs\yii_project\yiiapp\protected\views\site\login.php (28)
in C:\xampp\htdocs\yii_project\yiiapp\protected\controllers\SiteController.php (33)
in C:\xampp\htdocs\yii_project\yiiapp\index.php (13)
2018/09/05 01:17:00 [error] [exception.ParseError] ParseError: syntax error, unexpected ')', expecting end of file in C:\xampp\htdocs\yii_project\yiiapp\protected\views\usuarios\index.php:20
Stack trace:
#0 C:\xampp\htdocs\yii_project\framework\web\CBaseController.php(95): CBaseController->renderInternal('C:\\xampp\\htdocs...', Array, true)
#1 C:\xampp\htdocs\yii_project\framework\web\CController.php(872): CBaseController->renderFile('C:\\xampp\\htdocs...', Array, true)
#2 C:\xampp\htdocs\yii_project\framework\web\CController.php(785): CController->renderPartial('index', Array, true)
#3 C:\xampp\htdocs\yii_project\yiiapp\protected\controllers\UsuariosController.php(127): CController->render('index', Array)
#4 C:\xampp\htdocs\yii_project\framework\web\actions\CInlineAction.php(49): UsuariosController->actionIndex()
#5 C:\xampp\htdocs\yii_project\framework\web\CController.php(308): CInlineAction->runWithParams(Array)
#6 C:\xampp\htdocs\yii_project\framework\web\filters\CFilterChain.php(134): CController->runAction(Object(CInlineAction))
#7 C:\xampp\htdocs\yii_project\framework\web\filters\CFilter.php(40): CFilterChain->run()
#8 C:\xampp\htdocs\yii_project\framework\web\CController.php(1148): CFilter->filter(Object(CFilterChain))
#9 C:\xampp\htdocs\yii_project\framework\web\filters\CInlineFilter.php(58): CController->filterAccessControl(Object(CFilterChain))
#10 C:\xampp\htdocs\yii_project\framework\web\filters\CFilterChain.php(131): CInlineFilter->filter(Object(CFilterChain))
#11 C:\xampp\htdocs\yii_project\framework\web\CController.php(291): CFilterChain->run()
#12 C:\xampp\htdocs\yii_project\framework\web\CController.php(265): CController->runActionWithFilters(Object(CInlineAction), Array)
#13 C:\xampp\htdocs\yii_project\framework\web\CWebApplication.php(282): CController->run('index')
#14 C:\xampp\htdocs\yii_project\framework\web\CWebApplication.php(141): CWebApplication->runController('usuarios/index')
#15 C:\xampp\htdocs\yii_project\framework\base\CApplication.php(185): CWebApplication->processRequest()
#16 C:\xampp\htdocs\yii_project\yiiapp\index.php(13): CApplication->run()
#17 {main}
REQUEST_URI=/yii_project/yiiapp/usuarios/index
HTTP_REFERER=http://localhost/yii_project/yiiapp/usuarios/1
---
2018/09/05 01:20:03 [error] [exception.ParseError] ParseError: syntax error, unexpected ')', expecting end of file in C:\xampp\htdocs\yii_project\yiiapp\protected\views\layouts\column2.php:13
Stack trace:
#0 C:\xampp\htdocs\yii_project\framework\web\CBaseController.php(95): CBaseController->renderInternal('C:\\xampp\\htdocs...', Array, true)
#1 C:\xampp\htdocs\yii_project\framework\web\CController.php(787): CBaseController->renderFile('C:\\xampp\\htdocs...', Array, true)
#2 C:\xampp\htdocs\yii_project\yiiapp\protected\controllers\UsuariosController.php(127): CController->render('index', Array)
#3 C:\xampp\htdocs\yii_project\framework\web\actions\CInlineAction.php(49): UsuariosController->actionIndex()
#4 C:\xampp\htdocs\yii_project\framework\web\CController.php(308): CInlineAction->runWithParams(Array)
#5 C:\xampp\htdocs\yii_project\framework\web\filters\CFilterChain.php(134): CController->runAction(Object(CInlineAction))
#6 C:\xampp\htdocs\yii_project\framework\web\filters\CFilter.php(40): CFilterChain->run()
#7 C:\xampp\htdocs\yii_project\framework\web\CController.php(1148): CFilter->filter(Object(CFilterChain))
#8 C:\xampp\htdocs\yii_project\framework\web\filters\CInlineFilter.php(58): CController->filterAccessControl(Object(CFilterChain))
#9 C:\xampp\htdocs\yii_project\framework\web\filters\CFilterChain.php(131): CInlineFilter->filter(Object(CFilterChain))
#10 C:\xampp\htdocs\yii_project\framework\web\CController.php(291): CFilterChain->run()
#11 C:\xampp\htdocs\yii_project\framework\web\CController.php(265): CController->runActionWithFilters(Object(CInlineAction), Array)
#12 C:\xampp\htdocs\yii_project\framework\web\CWebApplication.php(282): CController->run('index')
#13 C:\xampp\htdocs\yii_project\framework\web\CWebApplication.php(141): CWebApplication->runController('usuarios/index')
#14 C:\xampp\htdocs\yii_project\framework\base\CApplication.php(185): CWebApplication->processRequest()
#15 C:\xampp\htdocs\yii_project\yiiapp\index.php(13): CApplication->run()
#16 {main}
REQUEST_URI=/yii_project/yiiapp/usuarios/index
HTTP_REFERER=http://localhost/yii_project/yiiapp/usuarios/1
---
2018/09/05 01:26:42 [error] [php] Undefined variable: model (C:\xampp\htdocs\yii_project\yiiapp\protected\views\site\index.php:28)
Stack trace:
#0 C:\xampp\htdocs\yii_project\framework\web\CController.php(872): SiteController->renderFile()
#1 C:\xampp\htdocs\yii_project\framework\web\CController.php(785): SiteController->renderPartial()
#2 C:\xampp\htdocs\yii_project\yiiapp\protected\controllers\SiteController.php(38): SiteController->render()
#3 C:\xampp\htdocs\yii_project\framework\web\actions\CInlineAction.php(49): SiteController->actionIndex()
#4 C:\xampp\htdocs\yii_project\framework\web\CController.php(308): CInlineAction->runWithParams()
#5 C:\xampp\htdocs\yii_project\framework\web\CController.php(286): SiteController->runAction()
#6 C:\xampp\htdocs\yii_project\framework\web\CController.php(265): SiteController->runActionWithFilters()
#7 C:\xampp\htdocs\yii_project\framework\web\CWebApplication.php(282): SiteController->run()
#8 C:\xampp\htdocs\yii_project\framework\web\CWebApplication.php(141): CWebApplication->runController()
#9 C:\xampp\htdocs\yii_project\framework\base\CApplication.php(185): CWebApplication->processRequest()
#10 C:\xampp\htdocs\yii_project\yiiapp\index.php(13): CWebApplication->run()
REQUEST_URI=/yii_project/yiiapp/
in C:\xampp\htdocs\yii_project\yiiapp\protected\views\site\index.php (28)
in C:\xampp\htdocs\yii_project\yiiapp\protected\controllers\SiteController.php (38)
in C:\xampp\htdocs\yii_project\yiiapp\index.php (13)
2018/09/05 01:48:47 [error] [exception.CException] CException: Property "Usuarios.username" is not defined. in C:\xampp\htdocs\yii_project\framework\base\CComponent.php:130
Stack trace:
#0 C:\xampp\htdocs\yii_project\framework\db\ar\CActiveRecord.php(145): CComponent->__get('username')
#1 C:\xampp\htdocs\yii_project\framework\web\helpers\CHtml.php(2760): CActiveRecord->__get('username')
#2 C:\xampp\htdocs\yii_project\framework\web\helpers\CHtml.php(2483): CHtml::resolveValue(Object(Usuarios), 'username')
#3 C:\xampp\htdocs\yii_project\framework\web\helpers\CHtml.php(1540): CHtml::activeInputField('text', Object(Usuarios), 'username', Array)
#4 C:\xampp\htdocs\yii_project\framework\web\widgets\CActiveForm.php(792): CHtml::activeTextField(Object(Usuarios), 'username', Array)
#5 C:\xampp\htdocs\yii_project\yiiapp\protected\views\site\login.php(29): CActiveForm->textField(Object(Usuarios), 'username')
#6 C:\xampp\htdocs\yii_project\framework\web\CBaseController.php(126): require('C:\\xampp\\htdocs...')
#7 C:\xampp\htdocs\yii_project\framework\web\CBaseController.php(95): CBaseController->renderInternal('C:\\xampp\\htdocs...', Array, true)
#8 C:\xampp\htdocs\yii_project\framework\web\CController.php(872): CBaseController->renderFile('C:\\xampp\\htdocs...', Array, true)
#9 C:\xampp\htdocs\yii_project\framework\web\CController.php(785): CController->renderPartial('login', Array, true)
#10 C:\xampp\htdocs\yii_project\yiiapp\protected\controllers\SiteController.php(36): CController->render('login', Array)
#11 C:\xampp\htdocs\yii_project\framework\web\actions\CInlineAction.php(49): SiteController->actionIndex()
#12 C:\xampp\htdocs\yii_project\framework\web\CController.php(308): CInlineAction->runWithParams(Array)
#13 C:\xampp\htdocs\yii_project\framework\web\CController.php(286): CController->runAction(Object(CInlineAction))
#14 C:\xampp\htdocs\yii_project\framework\web\CController.php(265): CController->runActionWithFilters(Object(CInlineAction), Array)
#15 C:\xampp\htdocs\yii_project\framework\web\CWebApplication.php(282): CController->run('')
#16 C:\xampp\htdocs\yii_project\framework\web\CWebApplication.php(141): CWebApplication->runController('')
#17 C:\xampp\htdocs\yii_project\framework\base\CApplication.php(185): CWebApplication->processRequest()
#18 C:\xampp\htdocs\yii_project\yiiapp\index.php(13): CApplication->run()
#19 {main}
REQUEST_URI=/yii_project/yiiapp/
HTTP_REFERER=http://localhost/yii_project/yiiapp/
---
2018/09/05 01:53:21 [error] [exception.CException] CException: SiteController contains improperly nested widget tags in its view "C:\xampp\htdocs\yii_project\yiiapp\protected\views\site\login.php". A CActiveForm widget does not have an endWidget() call. in C:\xampp\htdocs\yii_project\framework\web\CBaseController.php:101
Stack trace:
#0 C:\xampp\htdocs\yii_project\framework\web\CController.php(872): CBaseController->renderFile('C:\\xampp\\htdocs...', Array, true)
#1 C:\xampp\htdocs\yii_project\framework\web\CController.php(785): CController->renderPartial('login', Array, true)
#2 C:\xampp\htdocs\yii_project\yiiapp\protected\controllers\SiteController.php(36): CController->render('login', Array)
#3 C:\xampp\htdocs\yii_project\framework\web\actions\CInlineAction.php(49): SiteController->actionIndex()
#4 C:\xampp\htdocs\yii_project\framework\web\CController.php(308): CInlineAction->runWithParams(Array)
#5 C:\xampp\htdocs\yii_project\framework\web\CController.php(286): CController->runAction(Object(CInlineAction))
#6 C:\xampp\htdocs\yii_project\framework\web\CController.php(265): CController->runActionWithFilters(Object(CInlineAction), Array)
#7 C:\xampp\htdocs\yii_project\framework\web\CWebApplication.php(282): CController->run('')
#8 C:\xampp\htdocs\yii_project\framework\web\CWebApplication.php(141): CWebApplication->runController('')
#9 C:\xampp\htdocs\yii_project\framework\base\CApplication.php(185): CWebApplication->processRequest()
#10 C:\xampp\htdocs\yii_project\yiiapp\index.php(13): CApplication->run()
#11 {main}
REQUEST_URI=/yii_project/yiiapp/
HTTP_REFERER=http://localhost/yii_project/yiiapp/
---
2018/09/05 01:58:55 [error] [exception.CException] CException: Property "LoginForm.name" is not defined. in C:\xampp\htdocs\yii_project\framework\base\CComponent.php:130
Stack trace:
#0 C:\xampp\htdocs\yii_project\framework\web\helpers\CHtml.php(2760): CComponent->__get('name')
#1 C:\xampp\htdocs\yii_project\framework\web\helpers\CHtml.php(2483): CHtml::resolveValue(Object(LoginForm), 'name')
#2 C:\xampp\htdocs\yii_project\framework\web\helpers\CHtml.php(1540): CHtml::activeInputField('text', Object(LoginForm), 'name', Array)
#3 C:\xampp\htdocs\yii_project\framework\web\widgets\CActiveForm.php(792): CHtml::activeTextField(Object(LoginForm), 'name', Array)
#4 C:\xampp\htdocs\yii_project\yiiapp\protected\views\site\contact.php(42): CActiveForm->textField(Object(LoginForm), 'name')
#5 C:\xampp\htdocs\yii_project\framework\web\CBaseController.php(126): require('C:\\xampp\\htdocs...')
#6 C:\xampp\htdocs\yii_project\framework\web\CBaseController.php(95): CBaseController->renderInternal('C:\\xampp\\htdocs...', Array, true)
#7 C:\xampp\htdocs\yii_project\framework\web\CController.php(872): CBaseController->renderFile('C:\\xampp\\htdocs...', Array, true)
#8 C:\xampp\htdocs\yii_project\framework\web\CController.php(785): CController->renderPartial('contact', Array, true)
#9 C:\xampp\htdocs\yii_project\yiiapp\protected\controllers\SiteController.php(105): CController->render('contact', Array)
#10 C:\xampp\htdocs\yii_project\framework\web\actions\CInlineAction.php(49): SiteController->actionLogin()
#11 C:\xampp\htdocs\yii_project\framework\web\CController.php(308): CInlineAction->runWithParams(Array)
#12 C:\xampp\htdocs\yii_project\framework\web\CController.php(286): CController->runAction(Object(CInlineAction))
#13 C:\xampp\htdocs\yii_project\framework\web\CController.php(265): CController->runActionWithFilters(Object(CInlineAction), Array)
#14 C:\xampp\htdocs\yii_project\framework\web\CWebApplication.php(282): CController->run('login')
#15 C:\xampp\htdocs\yii_project\framework\web\CWebApplication.php(141): CWebApplication->runController('site/login')
#16 C:\xampp\htdocs\yii_project\framework\base\CApplication.php(185): CWebApplication->processRequest()
#17 C:\xampp\htdocs\yii_project\yiiapp\index.php(13): CApplication->run()
#18 {main}
REQUEST_URI=/yii_project/yiiapp/site/login
HTTP_REFERER=http://localhost/yii_project/yiiapp/usuarios/1
---
2018/09/05 01:59:05 [error] [exception.CException] CException: Property "LoginForm.name" is not defined. in C:\xampp\htdocs\yii_project\framework\base\CComponent.php:130
Stack trace:
#0 C:\xampp\htdocs\yii_project\framework\web\helpers\CHtml.php(2760): CComponent->__get('name')
#1 C:\xampp\htdocs\yii_project\framework\web\helpers\CHtml.php(2483): CHtml::resolveValue(Object(LoginForm), 'name')
#2 C:\xampp\htdocs\yii_project\framework\web\helpers\CHtml.php(1540): CHtml::activeInputField('text', Object(LoginForm), 'name', Array)
#3 C:\xampp\htdocs\yii_project\framework\web\widgets\CActiveForm.php(792): CHtml::activeTextField(Object(LoginForm), 'name', Array)
#4 C:\xampp\htdocs\yii_project\yiiapp\protected\views\site\contact.php(42): CActiveForm->textField(Object(LoginForm), 'name')
#5 C:\xampp\htdocs\yii_project\framework\web\CBaseController.php(126): require('C:\\xampp\\htdocs...')
#6 C:\xampp\htdocs\yii_project\framework\web\CBaseController.php(95): CBaseController->renderInternal('C:\\xampp\\htdocs...', Array, true)
#7 C:\xampp\htdocs\yii_project\framework\web\CController.php(872): CBaseController->renderFile('C:\\xampp\\htdocs...', Array, true)
#8 C:\xampp\htdocs\yii_project\framework\web\CController.php(785): CController->renderPartial('contact', Array, true)
#9 C:\xampp\htdocs\yii_project\yiiapp\protected\controllers\SiteController.php(105): CController->render('contact', Array)
#10 C:\xampp\htdocs\yii_project\framework\web\actions\CInlineAction.php(49): SiteController->actionLogin()
#11 C:\xampp\htdocs\yii_project\framework\web\CController.php(308): CInlineAction->runWithParams(Array)
#12 C:\xampp\htdocs\yii_project\framework\web\CController.php(286): CController->runAction(Object(CInlineAction))
#13 C:\xampp\htdocs\yii_project\framework\web\CController.php(265): CController->runActionWithFilters(Object(CInlineAction), Array)
#14 C:\xampp\htdocs\yii_project\framework\web\CWebApplication.php(282): CController->run('login')
#15 C:\xampp\htdocs\yii_project\framework\web\CWebApplication.php(141): CWebApplication->runController('site/login')
#16 C:\xampp\htdocs\yii_project\framework\base\CApplication.php(185): CWebApplication->processRequest()
#17 C:\xampp\htdocs\yii_project\yiiapp\index.php(13): CApplication->run()
#18 {main}
REQUEST_URI=/yii_project/yiiapp/site/login
HTTP_REFERER=http://localhost/yii_project/yiiapp/usuarios/1
---
2018/09/05 01:59:15 [error] [exception.CException] CException: Property "LoginForm.name" is not defined. in C:\xampp\htdocs\yii_project\framework\base\CComponent.php:130
Stack trace:
#0 C:\xampp\htdocs\yii_project\framework\web\helpers\CHtml.php(2760): CComponent->__get('name')
#1 C:\xampp\htdocs\yii_project\framework\web\helpers\CHtml.php(2483): CHtml::resolveValue(Object(LoginForm), 'name')
#2 C:\xampp\htdocs\yii_project\framework\web\helpers\CHtml.php(1540): CHtml::activeInputField('text', Object(LoginForm), 'name', Array)
#3 C:\xampp\htdocs\yii_project\framework\web\widgets\CActiveForm.php(792): CHtml::activeTextField(Object(LoginForm), 'name', Array)
#4 C:\xampp\htdocs\yii_project\yiiapp\protected\views\site\contact.php(42): CActiveForm->textField(Object(LoginForm), 'name')
#5 C:\xampp\htdocs\yii_project\framework\web\CBaseController.php(126): require('C:\\xampp\\htdocs...')
#6 C:\xampp\htdocs\yii_project\framework\web\CBaseController.php(95): CBaseController->renderInternal('C:\\xampp\\htdocs...', Array, true)
#7 C:\xampp\htdocs\yii_project\framework\web\CController.php(872): CBaseController->renderFile('C:\\xampp\\htdocs...', Array, true)
#8 C:\xampp\htdocs\yii_project\framework\web\CController.php(785): CController->renderPartial('contact', Array, true)
#9 C:\xampp\htdocs\yii_project\yiiapp\protected\controllers\SiteController.php(105): CController->render('contact', Array)
#10 C:\xampp\htdocs\yii_project\framework\web\actions\CInlineAction.php(49): SiteController->actionLogin()
#11 C:\xampp\htdocs\yii_project\framework\web\CController.php(308): CInlineAction->runWithParams(Array)
#12 C:\xampp\htdocs\yii_project\framework\web\CController.php(286): CController->runAction(Object(CInlineAction))
#13 C:\xampp\htdocs\yii_project\framework\web\CController.php(265): CController->runActionWithFilters(Object(CInlineAction), Array)
#14 C:\xampp\htdocs\yii_project\framework\web\CWebApplication.php(282): CController->run('login')
#15 C:\xampp\htdocs\yii_project\framework\web\CWebApplication.php(141): CWebApplication->runController('site/login')
#16 C:\xampp\htdocs\yii_project\framework\base\CApplication.php(185): CWebApplication->processRequest()
#17 C:\xampp\htdocs\yii_project\yiiapp\index.php(13): CApplication->run()
#18 {main}
REQUEST_URI=/yii_project/yiiapp/site/login
HTTP_REFERER=http://localhost/yii_project/yiiapp/usuarios/1
---
2018/09/05 02:18:40 [error] [exception.ParseError] ParseError: syntax error, unexpected 'var' (T_VAR) in C:\xampp\htdocs\yii_project\yiiapp\protected\views\site\login.php:2
Stack trace:
#0 C:\xampp\htdocs\yii_project\framework\web\CBaseController.php(95): CBaseController->renderInternal('C:\\xampp\\htdocs...', Array, true)
#1 C:\xampp\htdocs\yii_project\framework\web\CController.php(872): CBaseController->renderFile('C:\\xampp\\htdocs...', Array, true)
#2 C:\xampp\htdocs\yii_project\framework\web\CController.php(785): CController->renderPartial('login', Array, true)
#3 C:\xampp\htdocs\yii_project\yiiapp\protected\controllers\SiteController.php(36): CController->render('login', Array)
#4 C:\xampp\htdocs\yii_project\framework\web\actions\CInlineAction.php(49): SiteController->actionIndex()
#5 C:\xampp\htdocs\yii_project\framework\web\CController.php(308): CInlineAction->runWithParams(Array)
#6 C:\xampp\htdocs\yii_project\framework\web\CController.php(286): CController->runAction(Object(CInlineAction))
#7 C:\xampp\htdocs\yii_project\framework\web\CController.php(265): CController->runActionWithFilters(Object(CInlineAction), Array)
#8 C:\xampp\htdocs\yii_project\framework\web\CWebApplication.php(282): CController->run('')
#9 C:\xampp\htdocs\yii_project\framework\web\CWebApplication.php(141): CWebApplication->runController('')
#10 C:\xampp\htdocs\yii_project\framework\base\CApplication.php(185): CWebApplication->processRequest()
#11 C:\xampp\htdocs\yii_project\yiiapp\index.php(13): CApplication->run()
#12 {main}
REQUEST_URI=/yii_project/yiiapp/
HTTP_REFERER=http://localhost/yii_project/yiiapp/
---
2018/09/05 02:27:40 [error] [php] include(ContactForm.php): failed to open stream: No such file or directory (C:\xampp\htdocs\yii_project\framework\YiiBase.php:463)
Stack trace:
#0 C:\xampp\htdocs\yii_project\yiiapp\protected\controllers\SiteController.php(60): spl_autoload_call()
#1 C:\xampp\htdocs\yii_project\framework\web\actions\CInlineAction.php(49): SiteController->actionContact()
#2 C:\xampp\htdocs\yii_project\framework\web\CController.php(308): CInlineAction->runWithParams()
#3 C:\xampp\htdocs\yii_project\framework\web\CController.php(286): SiteController->runAction()
#4 C:\xampp\htdocs\yii_project\framework\web\CController.php(265): SiteController->runActionWithFilters()
#5 C:\xampp\htdocs\yii_project\framework\web\CWebApplication.php(282): SiteController->run()
#6 C:\xampp\htdocs\yii_project\framework\web\CWebApplication.php(141): CWebApplication->runController()
#7 C:\xampp\htdocs\yii_project\framework\base\CApplication.php(185): CWebApplication->processRequest()
#8 C:\xampp\htdocs\yii_project\yiiapp\index.php(13): CWebApplication->run()
REQUEST_URI=/yii_project/yiiapp/site/contact
in C:\xampp\htdocs\yii_project\yiiapp\protected\controllers\SiteController.php (60)
in C:\xampp\htdocs\yii_project\yiiapp\index.php (13)
2018/09/05 02:27:55 [error] [exception.CException] CException: Property "Usuarios.usuario" is not defined. in C:\xampp\htdocs\yii_project\framework\base\CComponent.php:130
Stack trace:
#0 C:\xampp\htdocs\yii_project\framework\db\ar\CActiveRecord.php(145): CComponent->__get('usuario')
#1 C:\xampp\htdocs\yii_project\framework\web\helpers\CHtml.php(2760): CActiveRecord->__get('usuario')
#2 C:\xampp\htdocs\yii_project\framework\web\helpers\CHtml.php(2483): CHtml::resolveValue(Object(Usuarios), 'usuario')
#3 C:\xampp\htdocs\yii_project\framework\web\helpers\CHtml.php(1540): CHtml::activeInputField('text', Object(Usuarios), 'usuario', Array)
#4 C:\xampp\htdocs\yii_project\framework\web\widgets\CActiveForm.php(792): CHtml::activeTextField(Object(Usuarios), 'usuario', Array)
#5 C:\xampp\htdocs\yii_project\yiiapp\protected\views\usuarios\_form.php(66): CActiveForm->textField(Object(Usuarios), 'usuario', Array)
#6 C:\xampp\htdocs\yii_project\framework\web\CBaseController.php(126): require('C:\\xampp\\htdocs...')
#7 C:\xampp\htdocs\yii_project\framework\web\CBaseController.php(95): CBaseController->renderInternal('C:\\xampp\\htdocs...', Array, true)
#8 C:\xampp\htdocs\yii_project\framework\web\CController.php(872): CBaseController->renderFile('C:\\xampp\\htdocs...', Array, true)
#9 C:\xampp\htdocs\yii_project\yiiapp\protected\views\usuarios\update.php(21): CController->renderPartial('_form', Array)
#10 C:\xampp\htdocs\yii_project\framework\web\CBaseController.php(126): require('C:\\xampp\\htdocs...')
#11 C:\xampp\htdocs\yii_project\framework\web\CBaseController.php(95): CBaseController->renderInternal('C:\\xampp\\htdocs...', Array, true)
#12 C:\xampp\htdocs\yii_project\framework\web\CController.php(872): CBaseController->renderFile('C:\\xampp\\htdocs...', Array, true)
#13 C:\xampp\htdocs\yii_project\framework\web\CController.php(785): CController->renderPartial('update', Array, true)
#14 C:\xampp\htdocs\yii_project\yiiapp\protected\controllers\UsuariosController.php(102): CController->render('update', Array)
#15 [internal function]: UsuariosController->actionUpdate('1')
#16 C:\xampp\htdocs\yii_project\framework\web\actions\CAction.php(109): ReflectionMethod->invokeArgs(Object(UsuariosController), Array)
#17 C:\xampp\htdocs\yii_project\framework\web\actions\CInlineAction.php(47): CAction->runWithParamsInternal(Object(UsuariosController), Object(ReflectionMethod), Array)
#18 C:\xampp\htdocs\yii_project\framework\web\CController.php(308): CInlineAction->runWithParams(Array)
#19 C:\xampp\htdocs\yii_project\framework\web\filters\CFilterChain.php(134): CController->runAction(Object(CInlineAction))
#20 C:\xampp\htdocs\yii_project\framework\web\filters\CFilter.php(40): CFilterChain->run()
#21 C:\xampp\htdocs\yii_project\framework\web\CController.php(1148): CFilter->filter(Object(CFilterChain))
#22 C:\xampp\htdocs\yii_project\framework\web\filters\CInlineFilter.php(58): CController->filterAccessControl(Object(CFilterChain))
#23 C:\xampp\htdocs\yii_project\framework\web\filters\CFilterChain.php(131): CInlineFilter->filter(Object(CFilterChain))
#24 C:\xampp\htdocs\yii_project\framework\web\CController.php(291): CFilterChain->run()
#25 C:\xampp\htdocs\yii_project\framework\web\CController.php(265): CController->runActionWithFilters(Object(CInlineAction), Array)
#26 C:\xampp\htdocs\yii_project\framework\web\CWebApplication.php(282): CController->run('update')
#27 C:\xampp\htdocs\yii_project\framework\web\CWebApplication.php(141): CWebApplication->runController('usuarios/update')
#28 C:\xampp\htdocs\yii_project\framework\base\CApplication.php(185): CWebApplication->processRequest()
#29 C:\xampp\htdocs\yii_project\yiiapp\index.php(13): CApplication->run()
#30 {main}
REQUEST_URI=/yii_project/yiiapp/usuarios/update/1
HTTP_REFERER=http://localhost/yii_project/yiiapp/site/login
---
2018/09/05 02:30:56 [error] [exception.CException] CException: Property "Usuarios.usuario" is not defined. in C:\xampp\htdocs\yii_project\framework\base\CComponent.php:130
Stack trace:
#0 C:\xampp\htdocs\yii_project\framework\db\ar\CActiveRecord.php(145): CComponent->__get('usuario')
#1 C:\xampp\htdocs\yii_project\framework\web\helpers\CHtml.php(2760): CActiveRecord->__get('usuario')
#2 C:\xampp\htdocs\yii_project\framework\web\helpers\CHtml.php(2483): CHtml::resolveValue(Object(Usuarios), 'usuario')
#3 C:\xampp\htdocs\yii_project\framework\web\helpers\CHtml.php(1540): CHtml::activeInputField('text', Object(Usuarios), 'usuario', Array)
#4 C:\xampp\htdocs\yii_project\framework\web\widgets\CActiveForm.php(792): CHtml::activeTextField(Object(Usuarios), 'usuario', Array)
#5 C:\xampp\htdocs\yii_project\yiiapp\protected\views\usuarios\_search.php(56): CActiveForm->textField(Object(Usuarios), 'usuario', Array)
#6 C:\xampp\htdocs\yii_project\framework\web\CBaseController.php(126): require('C:\\xampp\\htdocs...')
#7 C:\xampp\htdocs\yii_project\framework\web\CBaseController.php(95): CBaseController->renderInternal('C:\\xampp\\htdocs...', Array, true)
#8 C:\xampp\htdocs\yii_project\framework\web\CController.php(872): CBaseController->renderFile('C:\\xampp\\htdocs...', Array, true)
#9 C:\xampp\htdocs\yii_project\yiiapp\protected\views\usuarios\admin.php(39): CController->renderPartial('_search', Array)
#10 C:\xampp\htdocs\yii_project\framework\web\CBaseController.php(126): require('C:\\xampp\\htdocs...')
#11 C:\xampp\htdocs\yii_project\framework\web\CBaseController.php(95): CBaseController->renderInternal('C:\\xampp\\htdocs...', Array, true)
#12 C:\xampp\htdocs\yii_project\framework\web\CController.php(872): CBaseController->renderFile('C:\\xampp\\htdocs...', Array, true)
#13 C:\xampp\htdocs\yii_project\framework\web\CController.php(785): CController->renderPartial('admin', Array, true)
#14 C:\xampp\htdocs\yii_project\yiiapp\protected\controllers\UsuariosController.php(142): CController->render('admin', Array)
#15 C:\xampp\htdocs\yii_project\framework\web\actions\CInlineAction.php(49): UsuariosController->actionAdmin()
#16 C:\xampp\htdocs\yii_project\framework\web\CController.php(308): CInlineAction->runWithParams(Array)
#17 C:\xampp\htdocs\yii_project\framework\web\filters\CFilterChain.php(134): CController->runAction(Object(CInlineAction))
#18 C:\xampp\htdocs\yii_project\framework\web\filters\CFilter.php(40): CFilterChain->run()
#19 C:\xampp\htdocs\yii_project\framework\web\CController.php(1148): CFilter->filter(Object(CFilterChain))
#20 C:\xampp\htdocs\yii_project\framework\web\filters\CInlineFilter.php(58): CController->filterAccessControl(Object(CFilterChain))
#21 C:\xampp\htdocs\yii_project\framework\web\filters\CFilterChain.php(131): CInlineFilter->filter(Object(CFilterChain))
#22 C:\xampp\htdocs\yii_project\framework\web\CController.php(291): CFilterChain->run()
#23 C:\xampp\htdocs\yii_project\framework\web\CController.php(265): CController->runActionWithFilters(Object(CInlineAction), Array)
#24 C:\xampp\htdocs\yii_project\framework\web\CWebApplication.php(282): CController->run('admin')
#25 C:\xampp\htdocs\yii_project\framework\web\CWebApplication.php(141): CWebApplication->runController('usuarios/admin')
#26 C:\xampp\htdocs\yii_project\framework\base\CApplication.php(185): CWebApplication->processRequest()
#27 C:\xampp\htdocs\yii_project\yiiapp\index.php(13): CApplication->run()
#28 {main}
REQUEST_URI=/yii_project/yiiapp/usuarios/admin
HTTP_REFERER=http://localhost/yii_project/yiiapp/usuarios/1
---
2018/09/05 02:31:53 [error] [exception.CException] CException: Property "Usuarios.usuario" is not defined. in C:\xampp\htdocs\yii_project\framework\base\CComponent.php:130
Stack trace:
#0 C:\xampp\htdocs\yii_project\framework\db\ar\CActiveRecord.php(145): CComponent->__get('usuario')
#1 C:\xampp\htdocs\yii_project\framework\web\helpers\CHtml.php(2760): CActiveRecord->__get('usuario')
#2 C:\xampp\htdocs\yii_project\framework\web\helpers\CHtml.php(2483): CHtml::resolveValue(Object(Usuarios), 'usuario')
#3 C:\xampp\htdocs\yii_project\framework\web\helpers\CHtml.php(1540): CHtml::activeInputField('text', Object(Usuarios), 'usuario', Array)
#4 C:\xampp\htdocs\yii_project\framework\web\widgets\CActiveForm.php(792): CHtml::activeTextField(Object(Usuarios), 'usuario', Array)
#5 C:\xampp\htdocs\yii_project\yiiapp\protected\views\usuarios\_search.php(56): CActiveForm->textField(Object(Usuarios), 'usuario', Array)
#6 C:\xampp\htdocs\yii_project\framework\web\CBaseController.php(126): require('C:\\xampp\\htdocs...')
#7 C:\xampp\htdocs\yii_project\framework\web\CBaseController.php(95): CBaseController->renderInternal('C:\\xampp\\htdocs...', Array, true)
#8 C:\xampp\htdocs\yii_project\framework\web\CController.php(872): CBaseController->renderFile('C:\\xampp\\htdocs...', Array, true)
#9 C:\xampp\htdocs\yii_project\yiiapp\protected\views\usuarios\admin.php(39): CController->renderPartial('_search', Array)
#10 C:\xampp\htdocs\yii_project\framework\web\CBaseController.php(126): require('C:\\xampp\\htdocs...')
#11 C:\xampp\htdocs\yii_project\framework\web\CBaseController.php(95): CBaseController->renderInternal('C:\\xampp\\htdocs...', Array, true)
#12 C:\xampp\htdocs\yii_project\framework\web\CController.php(872): CBaseController->renderFile('C:\\xampp\\htdocs...', Array, true)
#13 C:\xampp\htdocs\yii_project\framework\web\CController.php(785): CController->renderPartial('admin', Array, true)
#14 C:\xampp\htdocs\yii_project\yiiapp\protected\controllers\UsuariosController.php(142): CController->render('admin', Array)
#15 C:\xampp\htdocs\yii_project\framework\web\actions\CInlineAction.php(49): UsuariosController->actionAdmin()
#16 C:\xampp\htdocs\yii_project\framework\web\CController.php(308): CInlineAction->runWithParams(Array)
#17 C:\xampp\htdocs\yii_project\framework\web\filters\CFilterChain.php(134): CController->runAction(Object(CInlineAction))
#18 C:\xampp\htdocs\yii_project\framework\web\filters\CFilter.php(40): CFilterChain->run()
#19 C:\xampp\htdocs\yii_project\framework\web\CController.php(1148): CFilter->filter(Object(CFilterChain))
#20 C:\xampp\htdocs\yii_project\framework\web\filters\CInlineFilter.php(58): CController->filterAccessControl(Object(CFilterChain))
#21 C:\xampp\htdocs\yii_project\framework\web\filters\CFilterChain.php(131): CInlineFilter->filter(Object(CFilterChain))
#22 C:\xampp\htdocs\yii_project\framework\web\CController.php(291): CFilterChain->run()
#23 C:\xampp\htdocs\yii_project\framework\web\CController.php(265): CController->runActionWithFilters(Object(CInlineAction), Array)
#24 C:\xampp\htdocs\yii_project\framework\web\CWebApplication.php(282): CController->run('admin')
#25 C:\xampp\htdocs\yii_project\framework\web\CWebApplication.php(141): CWebApplication->runController('usuarios/admin')
#26 C:\xampp\htdocs\yii_project\framework\base\CApplication.php(185): CWebApplication->processRequest()
#27 C:\xampp\htdocs\yii_project\yiiapp\index.php(13): CApplication->run()
#28 {main}
REQUEST_URI=/yii_project/yiiapp/usuarios/admin
HTTP_REFERER=http://localhost/yii_project/yiiapp/usuarios/1
---
2018/09/05 02:32:33 [error] [php] include(ContactForm.php): failed to open stream: No such file or directory (C:\xampp\htdocs\yii_project\framework\YiiBase.php:463)
Stack trace:
#0 C:\xampp\htdocs\yii_project\yiiapp\protected\controllers\SiteController.php(60): spl_autoload_call()
#1 C:\xampp\htdocs\yii_project\framework\web\actions\CInlineAction.php(49): SiteController->actionContact()
#2 C:\xampp\htdocs\yii_project\framework\web\CController.php(308): CInlineAction->runWithParams()
#3 C:\xampp\htdocs\yii_project\framework\web\CController.php(286): SiteController->runAction()
#4 C:\xampp\htdocs\yii_project\framework\web\CController.php(265): SiteController->runActionWithFilters()
#5 C:\xampp\htdocs\yii_project\framework\web\CWebApplication.php(282): SiteController->run()
#6 C:\xampp\htdocs\yii_project\framework\web\CWebApplication.php(141): CWebApplication->runController()
#7 C:\xampp\htdocs\yii_project\framework\base\CApplication.php(185): CWebApplication->processRequest()
#8 C:\xampp\htdocs\yii_project\yiiapp\index.php(13): CWebApplication->run()
REQUEST_URI=/yii_project/yiiapp/site/contact
in C:\xampp\htdocs\yii_project\yiiapp\protected\controllers\SiteController.php (60)
in C:\xampp\htdocs\yii_project\yiiapp\index.php (13)
2018/09/05 02:34:29 [error] [exception.CException] CException: SiteController cannot find the requested view "site/login". in C:\xampp\htdocs\yii_project\framework\web\CController.php:881
Stack trace:
#0 C:\xampp\htdocs\yii_project\framework\web\CController.php(785): CController->renderPartial('site/login', Array, true)
#1 C:\xampp\htdocs\yii_project\yiiapp\protected\controllers\SiteController.php(36): CController->render('site/login', Array)
#2 C:\xampp\htdocs\yii_project\framework\web\actions\CInlineAction.php(49): SiteController->actionIndex()
#3 C:\xampp\htdocs\yii_project\framework\web\CController.php(308): CInlineAction->runWithParams(Array)
#4 C:\xampp\htdocs\yii_project\framework\web\CController.php(286): CController->runAction(Object(CInlineAction))
#5 C:\xampp\htdocs\yii_project\framework\web\CController.php(265): CController->runActionWithFilters(Object(CInlineAction), Array)
#6 C:\xampp\htdocs\yii_project\framework\web\CWebApplication.php(282): CController->run('')
#7 C:\xampp\htdocs\yii_project\framework\web\CWebApplication.php(141): CWebApplication->runController('')
#8 C:\xampp\htdocs\yii_project\framework\base\CApplication.php(185): CWebApplication->processRequest()
#9 C:\xampp\htdocs\yii_project\yiiapp\index.php(13): CApplication->run()
#10 {main}
REQUEST_URI=/yii_project/yiiapp/
HTTP_REFERER=http://localhost/yii_project/yiiapp/
---
2018/09/05 02:40:46 [error] [php] Undefined variable: model (C:\xampp\htdocs\yii_project\yiiapp\protected\views\site\contact.php:38)
Stack trace:
#0 C:\xampp\htdocs\yii_project\framework\web\CController.php(872): SiteController->renderFile()
#1 C:\xampp\htdocs\yii_project\framework\web\CController.php(785): SiteController->renderPartial()
#2 C:\xampp\htdocs\yii_project\yiiapp\protected\controllers\SiteController.php(31): SiteController->render()
#3 C:\xampp\htdocs\yii_project\framework\web\actions\CInlineAction.php(49): SiteController->actionIndex()
#4 C:\xampp\htdocs\yii_project\framework\web\CController.php(308): CInlineAction->runWithParams()
#5 C:\xampp\htdocs\yii_project\framework\web\CController.php(286): SiteController->runAction()
#6 C:\xampp\htdocs\yii_project\framework\web\CController.php(265): SiteController->runActionWithFilters()
#7 C:\xampp\htdocs\yii_project\framework\web\CWebApplication.php(282): SiteController->run()
#8 C:\xampp\htdocs\yii_project\framework\web\CWebApplication.php(141): CWebApplication->runController()
#9 C:\xampp\htdocs\yii_project\framework\base\CApplication.php(185): CWebApplication->processRequest()
#10 C:\xampp\htdocs\yii_project\yiiapp\index.php(13): CWebApplication->run()
REQUEST_URI=/yii_project/yiiapp/
in C:\xampp\htdocs\yii_project\yiiapp\protected\views\site\contact.php (38)
in C:\xampp\htdocs\yii_project\yiiapp\protected\controllers\SiteController.php (31)
in C:\xampp\htdocs\yii_project\yiiapp\index.php (13)
2018/09/05 02:41:57 [error] [exception.CException] CException: SiteController cannot find the requested view "prueba". in C:\xampp\htdocs\yii_project\framework\web\CController.php:881
Stack trace:
#0 C:\xampp\htdocs\yii_project\framework\web\CController.php(785): CController->renderPartial('prueba', NULL, true)
#1 C:\xampp\htdocs\yii_project\yiiapp\protected\controllers\SiteController.php(31): CController->render('prueba')
#2 C:\xampp\htdocs\yii_project\framework\web\actions\CInlineAction.php(49): SiteController->actionIndex()
#3 C:\xampp\htdocs\yii_project\framework\web\CController.php(308): CInlineAction->runWithParams(Array)
#4 C:\xampp\htdocs\yii_project\framework\web\CController.php(286): CController->runAction(Object(CInlineAction))
#5 C:\xampp\htdocs\yii_project\framework\web\CController.php(265): CController->runActionWithFilters(Object(CInlineAction), Array)
#6 C:\xampp\htdocs\yii_project\framework\web\CWebApplication.php(282): CController->run('')
#7 C:\xampp\htdocs\yii_project\framework\web\CWebApplication.php(141): CWebApplication->runController('')
#8 C:\xampp\htdocs\yii_project\framework\base\CApplication.php(185): CWebApplication->processRequest()
#9 C:\xampp\htdocs\yii_project\yiiapp\index.php(13): CApplication->run()
#10 {main}
REQUEST_URI=/yii_project/yiiapp/
HTTP_REFERER=http://localhost/yii_project/yiiapp/
---
2018/09/05 02:42:56 [error] [exception.CHttpException.404] CHttpException: The system is unable to find the requested action "contact". in C:\xampp\htdocs\yii_project\framework\web\CController.php:486
Stack trace:
#0 C:\xampp\htdocs\yii_project\framework\web\CController.php(270): CController->missingAction('contact')
#1 C:\xampp\htdocs\yii_project\framework\web\CWebApplication.php(282): CController->run('contact')
#2 C:\xampp\htdocs\yii_project\framework\web\CWebApplication.php(141): CWebApplication->runController('site/contact')
#3 C:\xampp\htdocs\yii_project\framework\base\CApplication.php(185): CWebApplication->processRequest()
#4 C:\xampp\htdocs\yii_project\yiiapp\index.php(13): CApplication->run()
#5 {main}
REQUEST_URI=/yii_project/yiiapp/site/contact
HTTP_REFERER=http://localhost/yii_project/yiiapp/site/login
---
2018/09/05 02:43:50 [error] [php] include(ContactForm.php): failed to open stream: No such file or directory (C:\xampp\htdocs\yii_project\framework\YiiBase.php:463)
Stack trace:
#0 C:\xampp\htdocs\yii_project\yiiapp\protected\controllers\SiteController.php(71): spl_autoload_call()
#1 C:\xampp\htdocs\yii_project\framework\web\actions\CInlineAction.php(49): SiteController->actionContact()
#2 C:\xampp\htdocs\yii_project\framework\web\CController.php(308): CInlineAction->runWithParams()
#3 C:\xampp\htdocs\yii_project\framework\web\CController.php(286): SiteController->runAction()
#4 C:\xampp\htdocs\yii_project\framework\web\CController.php(265): SiteController->runActionWithFilters()
#5 C:\xampp\htdocs\yii_project\framework\web\CWebApplication.php(282): SiteController->run()
#6 C:\xampp\htdocs\yii_project\framework\web\CWebApplication.php(141): CWebApplication->runController()
#7 C:\xampp\htdocs\yii_project\framework\base\CApplication.php(185): CWebApplication->processRequest()
#8 C:\xampp\htdocs\yii_project\yiiapp\index.php(13): CWebApplication->run()
REQUEST_URI=/yii_project/yiiapp/site/contact
in C:\xampp\htdocs\yii_project\yiiapp\protected\controllers\SiteController.php (71)
in C:\xampp\htdocs\yii_project\yiiapp\index.php (13)
2018/09/05 02:45:54 [error] [exception.CHttpException.404] CHttpException: The system is unable to find the requested action "pruebados". in C:\xampp\htdocs\yii_project\framework\web\CController.php:486
Stack trace:
#0 C:\xampp\htdocs\yii_project\framework\web\CController.php(270): CController->missingAction('pruebados')
#1 C:\xampp\htdocs\yii_project\framework\web\CWebApplication.php(282): CController->run('pruebados')
#2 C:\xampp\htdocs\yii_project\framework\web\CWebApplication.php(141): CWebApplication->runController('site/pruebados')
#3 C:\xampp\htdocs\yii_project\framework\base\CApplication.php(185): CWebApplication->processRequest()
#4 C:\xampp\htdocs\yii_project\yiiapp\index.php(13): CApplication->run()
#5 {main}
REQUEST_URI=/yii_project/yiiapp/site/pruebados
HTTP_REFERER=http://localhost/yii_project/yiiapp/
---
2018/09/05 02:46:51 [error] [exception.CHttpException.404] CHttpException: The system is unable to find the requested action "pruebados". in C:\xampp\htdocs\yii_project\framework\web\CController.php:486
Stack trace:
#0 C:\xampp\htdocs\yii_project\framework\web\CController.php(270): CController->missingAction('pruebados')
#1 C:\xampp\htdocs\yii_project\framework\web\CWebApplication.php(282): CController->run('pruebados')
#2 C:\xampp\htdocs\yii_project\framework\web\CWebApplication.php(141): CWebApplication->runController('site/pruebados')
#3 C:\xampp\htdocs\yii_project\framework\base\CApplication.php(185): CWebApplication->processRequest()
#4 C:\xampp\htdocs\yii_project\yiiapp\index.php(13): CApplication->run()
#5 {main}
REQUEST_URI=/yii_project/yiiapp/site/pruebados
HTTP_REFERER=http://localhost/yii_project/yiiapp/
---
2018/09/05 02:50:19 [error] [exception.CException] CException: SiteController cannot find the requested view "prueba". in C:\xampp\htdocs\yii_project\framework\web\CController.php:881
Stack trace:
#0 C:\xampp\htdocs\yii_project\framework\web\CController.php(785): CController->renderPartial('prueba', NULL, true)
#1 C:\xampp\htdocs\yii_project\yiiapp\protected\controllers\SiteController.php(31): CController->render('prueba')
#2 C:\xampp\htdocs\yii_project\framework\web\actions\CInlineAction.php(49): SiteController->actionIndex()
#3 C:\xampp\htdocs\yii_project\framework\web\CController.php(308): CInlineAction->runWithParams(Array)
#4 C:\xampp\htdocs\yii_project\framework\web\CController.php(286): CController->runAction(Object(CInlineAction))
#5 C:\xampp\htdocs\yii_project\framework\web\CController.php(265): CController->runActionWithFilters(Object(CInlineAction), Array)
#6 C:\xampp\htdocs\yii_project\framework\web\CWebApplication.php(282): CController->run('')
#7 C:\xampp\htdocs\yii_project\framework\web\CWebApplication.php(141): CWebApplication->runController('')
#8 C:\xampp\htdocs\yii_project\framework\base\CApplication.php(185): CWebApplication->processRequest()
#9 C:\xampp\htdocs\yii_project\yiiapp\index.php(13): CApplication->run()
#10 {main}
REQUEST_URI=/yii_project/yiiapp/
---
2018/09/05 02:50:20 [error] [exception.CException] CException: SiteController cannot find the requested view "prueba". in C:\xampp\htdocs\yii_project\framework\web\CController.php:881
Stack trace:
#0 C:\xampp\htdocs\yii_project\framework\web\CController.php(785): CController->renderPartial('prueba', NULL, true)
#1 C:\xampp\htdocs\yii_project\yiiapp\protected\controllers\SiteController.php(31): CController->render('prueba')
#2 C:\xampp\htdocs\yii_project\framework\web\actions\CInlineAction.php(49): SiteController->actionIndex()
#3 C:\xampp\htdocs\yii_project\framework\web\CController.php(308): CInlineAction->runWithParams(Array)
#4 C:\xampp\htdocs\yii_project\framework\web\CController.php(286): CController->runAction(Object(CInlineAction))
#5 C:\xampp\htdocs\yii_project\framework\web\CController.php(265): CController->runActionWithFilters(Object(CInlineAction), Array)
#6 C:\xampp\htdocs\yii_project\framework\web\CWebApplication.php(282): CController->run('')
#7 C:\xampp\htdocs\yii_project\framework\web\CWebApplication.php(141): CWebApplication->runController('')
#8 C:\xampp\htdocs\yii_project\framework\base\CApplication.php(185): CWebApplication->processRequest()
#9 C:\xampp\htdocs\yii_project\yiiapp\index.php(13): CApplication->run()
#10 {main}
REQUEST_URI=/yii_project/yiiapp/
---
